app/build/outputs/logs/manifest-merger-debug-report.txt
-- Merging decision tree log ---
manifest
ADDED from src\main\AndroidManifest.xml:2:1-173:12
	package
		ADDED from src\main\AndroidManifest.xml:3:5-32
		INJECTED from src\main\AndroidManifest.xml
		INJECTED from src\main\AndroidManifest.xml
	android:versionName
		ADDED from src\main\AndroidManifest.xml:5:5-34
		INJECTED from src\main\AndroidManifest.xml
		INJECTED from src\main\AndroidManifest.xml
	android:versionCode
		ADDED from src\main\AndroidManifest.xml:4:5-28
		INJECTED from src\main\AndroidManifest.xml
		INJECTED from src\main\AndroidManifest.xml
	xmlns:android
		ADDED from src\main\AndroidManifest.xml:2:11-69
uses-sdk
ADDED from src\main\AndroidManifest.xml:7:5-9:41
MERGED from [com.google.android.gms:play-services:6.5.87] AndroidManifest.xml:18:5-42
MERGED from [com.android.support:support-v4:21.0.0] AndroidManifest.xml:15:5-42
	android:targetSdkVersion
		ADDED from src\main\AndroidManifest.xml:9:9-38
		INJECTED from src\main\AndroidManifest.xml
		INJECTED from src\main\AndroidManifest.xml
	android:minSdkVersion
		ADDED from src\main\AndroidManifest.xml:8:9-34
		INJECTED from src\main\AndroidManifest.xml
		INJECTED from src\main\AndroidManifest.xml
permission#com.power.water15.permission.C2D_MESSAGE
ADDED from src\main\AndroidManifest.xml:12:5-14:47
	android:protectionLevel
		ADDED from src\main\AndroidManifest.xml:14:9-44
	android:name
		ADDED from src\main\AndroidManifest.xml:13:9-64
uses-permission#com.power.water15.permission.C2D_MESSAGE
ADDED from src\main\AndroidManifest.xml:16:5-80
	android:name
		ADDED from src\main\AndroidManifest.xml:16:22-77
uses-permission#com.google.android.c2dm.permission.RECEIVE
ADDED from src\main\AndroidManifest.xml:18:5-82
	android:name
		ADDED from src\main\AndroidManifest.xml:18:22-79
uses-permission#android.permission.INTERNET
ADDED from src\main\AndroidManifest.xml:20:5-67
	android:name
		ADDED from src\main\AndroidManifest.xml:20:22-64
uses-permission#android.permission.GET_ACCOUNTS
ADDED from src\main\AndroidManifest.xml:22:5-71
	android:name
		ADDED from src\main\AndroidManifest.xml:22:22-68
uses-permission#android.permission.WAKE_LOCK
ADDED from src\main\AndroidManifest.xml:24:5-68
	android:name
		ADDED from src\main\AndroidManifest.xml:24:22-65
uses-permission#android.permission.ACCESS_WIFI_STATE
ADDED from src\main\AndroidManifest.xml:25:5-76
	android:name
		ADDED from src\main\AndroidManifest.xml:25:22-73
uses-permission#android.permission.GET_TASKS
ADDED from src\main\AndroidManifest.xml:26:5-68
	android:name
		ADDED from src\main\AndroidManifest.xml:26:22-65
uses-permission#android.permission.ACCESS_NETWORK_STATE
ADDED from src\main\AndroidManifest.xml:27:5-79
	android:name
		ADDED from src\main\AndroidManifest.xml:27:22-76
uses-permission#android.permission.WRITE_EXTERNAL_STORAGE
ADDED from src\main\AndroidManifest.xml:28:5-81
	android:name
		ADDED from src\main\AndroidManifest.xml:28:22-78
uses-permission#android.permission.READ_EXTERNAL_STORAGE
ADDED from src\main\AndroidManifest.xml:29:5-80
	android:name
		ADDED from src\main\AndroidManifest.xml:29:22-77
uses-permission#android.permission.READ_PHONE_STATE
ADDED from src\main\AndroidManifest.xml:30:5-75
	android:name
		ADDED from src\main\AndroidManifest.xml:30:22-72
uses-permission#android.permission.VIBRATE
ADDED from src\main\AndroidManifest.xml:31:5-66
	android:name
		ADDED from src\main\AndroidManifest.xml:31:22-63
uses-permission#android.permission.RECEIVE_BOOT_COMPLETED
ADDED from src\main\AndroidManifest.xml:32:5-81
	android:name
		ADDED from src\main\AndroidManifest.xml:32:22-78
uses-permission#android.permission.READ_LOGS
ADDED from src\main\AndroidManifest.xml:34:5-68
	android:name
		ADDED from src\main\AndroidManifest.xml:34:22-65
application
ADDED from src\main\AndroidManifest.xml:36:5-171:19
MERGED from [com.google.android.gms:play-services:6.5.87] AndroidManifest.xml:20:5-24:19
MERGED from [com.android.support:support-v4:21.0.0] AndroidManifest.xml:16:5-19
	android:label
		ADDED from src\main\AndroidManifest.xml:40:9-41
	android:allowBackup
		ADDED from src\main\AndroidManifest.xml:38:9-35
	android:icon
		ADDED from src\main\AndroidManifest.xml:39:9-38
	android:theme
		ADDED from src\main\AndroidManifest.xml:41:9-56
	android:name
		ADDED from src\main\AndroidManifest.xml:37:9-40
meta-data#com.google.android.gms.version
ADDED from src\main\AndroidManifest.xml:44:9-46:69
MERGED from [com.google.android.gms:play-services:6.5.87] AndroidManifest.xml:21:9-23:69
	android:value
		ADDED from src\main\AndroidManifest.xml:46:13-66
	android:name
		ADDED from src\main\AndroidManifest.xml:45:13-58
activity#com.dev.team.activity.IntroActivity
ADDED from src\main\AndroidManifest.xml:48:9-58:20
	android:screenOrientation
		ADDED from src\main\AndroidManifest.xml:51:13-49
	android:label
		ADDED from src\main\AndroidManifest.xml:50:13-45
	android:windowSoftInputMode
		ADDED from src\main\AndroidManifest.xml:52:13-55
	android:name
		ADDED from src\main\AndroidManifest.xml:49:13-63
intent-filter#android.intent.action.MAIN+android.intent.category.LAUNCHER
ADDED from src\main\AndroidManifest.xml:53:13-57:29
action#android.intent.action.MAIN
ADDED from src\main\AndroidManifest.xml:54:17-69
	android:name
		ADDED from src\main\AndroidManifest.xml:54:25-66
category#android.intent.category.LAUNCHER
ADDED from src\main\AndroidManifest.xml:56:17-77
	android:name
		ADDED from src\main\AndroidManifest.xml:56:27-74
activity#com.dev.team.activity.MainFragmentActivity
ADDED from src\main\AndroidManifest.xml:61:9-66:20
	android:screenOrientation
		ADDED from src\main\AndroidManifest.xml:64:13-49
	android:launchMode
		ADDED from src\main\AndroidManifest.xml:63:13-44
	android:windowSoftInputMode
		ADDED from src\main\AndroidManifest.xml:65:13-70
	android:name
		ADDED from src\main\AndroidManifest.xml:62:13-70
activity#com.dev.team.activity.WaterKindDrinkListActivity
ADDED from src\main\AndroidManifest.xml:69:9-73:20
	android:screenOrientation
		ADDED from src\main\AndroidManifest.xml:71:13-49
	android:windowSoftInputMode
		ADDED from src\main\AndroidManifest.xml:72:13-55
	android:name
		ADDED from src\main\AndroidManifest.xml:70:13-76
activity#com.dev.team.activity.YourselfActivity
ADDED from src\main\AndroidManifest.xml:76:9-80:20
	android:screenOrientation
		ADDED from src\main\AndroidManifest.xml:78:13-49
	android:windowSoftInputMode
		ADDED from src\main\AndroidManifest.xml:79:13-73
	android:name
		ADDED from src\main\AndroidManifest.xml:77:13-66
activity#com.dev.team.activity.WaterAlarmSoundSettingActivity
ADDED from src\main\AndroidManifest.xml:83:9-87:20
	android:screenOrientation
		ADDED from src\main\AndroidManifest.xml:85:13-49
	android:windowSoftInputMode
		ADDED from src\main\AndroidManifest.xml:86:13-73
	android:name
		ADDED from src\main\AndroidManifest.xml:84:13-80
receiver#com.dev.team.service.WaterAlarmReceiver
ADDED from src\main\AndroidManifest.xml:91:9-92:20
	android:name
		ADDED from src\main\AndroidManifest.xml:91:19-73
receiver#com.dev.team.service.BootCompletedReceiver
ADDED from src\main\AndroidManifest.xml:95:9-99:20
	android:name
		ADDED from src\main\AndroidManifest.xml:95:19-76
intent-filter#android.intent.action.BOOT_COMPLETED
ADDED from src\main\AndroidManifest.xml:96:13-98:29
action#android.intent.action.BOOT_COMPLETED
ADDED from src\main\AndroidManifest.xml:97:17-79
	android:name
		ADDED from src\main\AndroidManifest.xml:97:25-76
activity#com.dev.team.activity.AdlibCloseActivity
ADDED from src\main\AndroidManifest.xml:102:9-107:20
	android:screenOrientation
		ADDED from src\main\AndroidManifest.xml:105:13-49
	android:launchMode
		ADDED from src\main\AndroidManifest.xml:104:13-44
	android:windowSoftInputMode
		ADDED from src\main\AndroidManifest.xml:106:13-73
	android:name
		ADDED from src\main\AndroidManifest.xml:103:13-68
receiver#com.power.water15.receiver.GcmBroadcastReceiver
ADDED from src\main\AndroidManifest.xml:110:9-119:20
	android:permission
		ADDED from src\main\AndroidManifest.xml:112:13-73
	android:name
		ADDED from src\main\AndroidManifest.xml:111:13-75
intent-filter#com.google.android.c2dm.intent.RECEIVE+com.google.android.c2dm.intent.REGISTRATION+com.power.water15
ADDED from src\main\AndroidManifest.xml:113:13-118:29
action#com.google.android.c2dm.intent.RECEIVE
ADDED from src\main\AndroidManifest.xml:114:17-81
	android:name
		ADDED from src\main\AndroidManifest.xml:114:25-78
action#com.google.android.c2dm.intent.REGISTRATION
ADDED from src\main\AndroidManifest.xml:115:17-86
	android:name
		ADDED from src\main\AndroidManifest.xml:115:25-83
category#com.power.water15
ADDED from src\main\AndroidManifest.xml:117:17-62
	android:name
		ADDED from src\main\AndroidManifest.xml:117:27-59
service#com.power.water15.GcmIntentService
ADDED from src\main\AndroidManifest.xml:122:9-70
	android:name
		ADDED from src\main\AndroidManifest.xml:122:18-67
activity#com.power.water15.GCMNotificationGatewayActivity
ADDED from src\main\AndroidManifest.xml:125:9-129:20
	android:screenOrientation
		ADDED from src\main\AndroidManifest.xml:127:13-49
	android:theme
		ADDED from src\main\AndroidManifest.xml:128:13-60
	android:name
		ADDED from src\main\AndroidManifest.xml:126:13-76
activity#com.mocoplex.adlib.AdlibDialogActivity
ADDED from src\main\AndroidManifest.xml:132:9-135:64
	android:configChanges
		ADDED from src\main\AndroidManifest.xml:134:13-72
	android:theme
		ADDED from src\main\AndroidManifest.xml:135:13-61
	android:name
		ADDED from src\main\AndroidManifest.xml:133:13-66
activity#com.mocoplex.adlib.AdlibWebBrowserActivity
ADDED from src\main\AndroidManifest.xml:136:9-138:75
	android:configChanges
		ADDED from src\main\AndroidManifest.xml:138:13-72
	android:name
		ADDED from src\main\AndroidManifest.xml:137:13-70
activity#com.mocoplex.adlib.AdlibVideoPlayer
ADDED from src\main\AndroidManifest.xml:139:9-142:63
	android:configChanges
		ADDED from src\main\AndroidManifest.xml:141:13-72
	android:theme
		ADDED from src\main\AndroidManifest.xml:142:13-60
	android:name
		ADDED from src\main\AndroidManifest.xml:140:13-63
activity#com.skplanet.tad.AdActivity
ADDED from src\main\AndroidManifest.xml:147:9-152:20
	android:label
		ADDED from src\main\AndroidManifest.xml:150:13-40
	android:configChanges
		ADDED from src\main\AndroidManifest.xml:149:13-122
	android:theme
		ADDED from src\main\AndroidManifest.xml:151:13-72
	android:name
		ADDED from src\main\AndroidManifest.xml:148:13-55
activity#com.skplanet.tad.AdVideoPlayer
ADDED from src\main\AndroidManifest.xml:153:9-158:20
	android:label
		ADDED from src\main\AndroidManifest.xml:156:13-44
	android:configChanges
		ADDED from src\main\AndroidManifest.xml:155:13-122
	android:theme
		ADDED from src\main\AndroidManifest.xml:157:13-60
	android:name
		ADDED from src\main\AndroidManifest.xml:154:13-58
activity#net.daum.adam.publisher.impl.AdInterstitialActivity
ADDED from src\main\AndroidManifest.xml:161:9-165:63
	android:screenOrientation
		ADDED from src\main\AndroidManifest.xml:164:13-49
	android:configChanges
		ADDED from src\main\AndroidManifest.xml:163:13-59
	android:theme
		ADDED from src\main\AndroidManifest.xml:165:13-60
	android:name
		ADDED from src\main\AndroidManifest.xml:162:13-79
activity#com.google.android.gms.ads.AdActivity
ADDED from src\main\AndroidManifest.xml:168:9-169:116
	android:configChanges
		ADDED from src\main\AndroidManifest.xml:169:4-113
	android:name
		ADDED from src\main\AndroidManifest.xml:168:19-71